<?xml version="1.0" encoding="UTF-8"?>
<testsuite xmlns:xsi="http://www.w3.org/2001/XMLSchema-instance" xsi:noNamespaceSchemaLocation="https://maven.apache.org/surefire/maven-surefire-plugin/xsd/surefire-test-report.xsd" version="3.0.2" name="com.russmiles.EmbabelAgentApplicationTests" time="2.619" tests="1" errors="0" skipped="0" failures="0">
  <properties>
    <property name="java.specification.version" value="21"/>
    <property name="sun.jnu.encoding" value="UTF-8"/>
    <property name="java.class.path" value="/Users/russellmiles/code/russmiles/embabel-kotlin-agent-quickstart/target/test-classes:/Users/russellmiles/code/russmiles/embabel-kotlin-agent-quickstart/target/classes:/Users/russellmiles/.m2/repository/org/springframework/boot/spring-boot-starter/3.5.0/spring-boot-starter-3.5.0.jar:/Users/russellmiles/.m2/repository/org/springframework/boot/spring-boot/3.5.0/spring-boot-3.5.0.jar:/Users/russellmiles/.m2/repository/org/springframework/spring-context/6.2.7/spring-context-6.2.7.jar:/Users/russellmiles/.m2/repository/org/springframework/spring-aop/6.2.7/spring-aop-6.2.7.jar:/Users/russellmiles/.m2/repository/org/springframework/spring-expression/6.2.7/spring-expression-6.2.7.jar:/Users/russellmiles/.m2/repository/org/springframework/boot/spring-boot-autoconfigure/3.5.0/spring-boot-autoconfigure-3.5.0.jar:/Users/russellmiles/.m2/repository/org/springframework/boot/spring-boot-starter-logging/3.5.0/spring-boot-starter-logging-3.5.0.jar:/Users/russellmiles/.m2/repository/ch/qos/logback/logback-classic/1.5.18/logback-classic-1.5.18.jar:/Users/russellmiles/.m2/repository/ch/qos/logback/logback-core/1.5.18/logback-core-1.5.18.jar:/Users/russellmiles/.m2/repository/org/apache/logging/log4j/log4j-to-slf4j/2.24.3/log4j-to-slf4j-2.24.3.jar:/Users/russellmiles/.m2/repository/org/apache/logging/log4j/log4j-api/2.24.3/log4j-api-2.24.3.jar:/Users/russellmiles/.m2/repository/org/slf4j/jul-to-slf4j/2.0.17/jul-to-slf4j-2.0.17.jar:/Users/russellmiles/.m2/repository/jakarta/annotation/jakarta.annotation-api/2.1.1/jakarta.annotation-api-2.1.1.jar:/Users/russellmiles/.m2/repository/org/springframework/spring-core/6.2.7/spring-core-6.2.7.jar:/Users/russellmiles/.m2/repository/org/springframework/spring-jcl/6.2.7/spring-jcl-6.2.7.jar:/Users/russellmiles/.m2/repository/org/yaml/snakeyaml/2.4/snakeyaml-2.4.jar:/Users/russellmiles/.m2/repository/org/jetbrains/kotlin/kotlin-reflect/2.1.0/kotlin-reflect-2.1.0.jar:/Users/russellmiles/.m2/repository/org/jetbrains/kotlin/kotlin-stdlib/2.1.0/kotlin-stdlib-2.1.0.jar:/Users/russellmiles/.m2/repository/org/jetbrains/annotations/13.0/annotations-13.0.jar:/Users/russellmiles/.m2/repository/org/springframework/boot/spring-boot-starter-test/3.5.0/spring-boot-starter-test-3.5.0.jar:/Users/russellmiles/.m2/repository/org/springframework/boot/spring-boot-test/3.5.0/spring-boot-test-3.5.0.jar:/Users/russellmiles/.m2/repository/org/springframework/boot/spring-boot-test-autoconfigure/3.5.0/spring-boot-test-autoconfigure-3.5.0.jar:/Users/russellmiles/.m2/repository/com/jayway/jsonpath/json-path/2.9.0/json-path-2.9.0.jar:/Users/russellmiles/.m2/repository/org/slf4j/slf4j-api/2.0.17/slf4j-api-2.0.17.jar:/Users/russellmiles/.m2/repository/jakarta/xml/bind/jakarta.xml.bind-api/4.0.2/jakarta.xml.bind-api-4.0.2.jar:/Users/russellmiles/.m2/repository/jakarta/activation/jakarta.activation-api/2.1.3/jakarta.activation-api-2.1.3.jar:/Users/russellmiles/.m2/repository/net/minidev/json-smart/2.5.2/json-smart-2.5.2.jar:/Users/russellmiles/.m2/repository/net/minidev/accessors-smart/2.5.2/accessors-smart-2.5.2.jar:/Users/russellmiles/.m2/repository/org/ow2/asm/asm/9.7.1/asm-9.7.1.jar:/Users/russellmiles/.m2/repository/org/assertj/assertj-core/3.27.3/assertj-core-3.27.3.jar:/Users/russellmiles/.m2/repository/net/bytebuddy/byte-buddy/1.17.5/byte-buddy-1.17.5.jar:/Users/russellmiles/.m2/repository/org/awaitility/awaitility/4.3.0/awaitility-4.3.0.jar:/Users/russellmiles/.m2/repository/org/hamcrest/hamcrest/3.0/hamcrest-3.0.jar:/Users/russellmiles/.m2/repository/org/junit/jupiter/junit-jupiter/5.12.2/junit-jupiter-5.12.2.jar:/Users/russellmiles/.m2/repository/org/junit/jupiter/junit-jupiter-params/5.12.2/junit-jupiter-params-5.12.2.jar:/Users/russellmiles/.m2/repository/org/mockito/mockito-core/5.17.0/mockito-core-5.17.0.jar:/Users/russellmiles/.m2/repository/net/bytebuddy/byte-buddy-agent/1.17.5/byte-buddy-agent-1.17.5.jar:/Users/russellmiles/.m2/repository/org/objenesis/objenesis/3.3/objenesis-3.3.jar:/Users/russellmiles/.m2/repository/org/mockito/mockito-junit-jupiter/5.17.0/mockito-junit-jupiter-5.17.0.jar:/Users/russellmiles/.m2/repository/org/skyscreamer/jsonassert/1.5.3/jsonassert-1.5.3.jar:/Users/russellmiles/.m2/repository/com/vaadin/external/google/android-json/0.0.20131108.vaadin1/android-json-0.0.20131108.vaadin1.jar:/Users/russellmiles/.m2/repository/org/springframework/spring-test/6.2.7/spring-test-6.2.7.jar:/Users/russellmiles/.m2/repository/org/xmlunit/xmlunit-core/2.10.1/xmlunit-core-2.10.1.jar:/Users/russellmiles/.m2/repository/org/jetbrains/kotlin/kotlin-test-junit5/2.1.0/kotlin-test-junit5-2.1.0.jar:/Users/russellmiles/.m2/repository/org/jetbrains/kotlin/kotlin-test/2.1.0/kotlin-test-2.1.0.jar:/Users/russellmiles/.m2/repository/org/junit/jupiter/junit-jupiter-api/5.12.2/junit-jupiter-api-5.12.2.jar:/Users/russellmiles/.m2/repository/org/opentest4j/opentest4j/1.3.0/opentest4j-1.3.0.jar:/Users/russellmiles/.m2/repository/org/junit/platform/junit-platform-commons/1.12.2/junit-platform-commons-1.12.2.jar:/Users/russellmiles/.m2/repository/org/apiguardian/apiguardian-api/1.1.2/apiguardian-api-1.1.2.jar:/Users/russellmiles/.m2/repository/org/junit/jupiter/junit-jupiter-engine/5.12.2/junit-jupiter-engine-5.12.2.jar:/Users/russellmiles/.m2/repository/org/junit/platform/junit-platform-engine/1.12.2/junit-platform-engine-1.12.2.jar:/Users/russellmiles/.m2/repository/org/junit/platform/junit-platform-launcher/1.12.2/junit-platform-launcher-1.12.2.jar:/Users/russellmiles/.m2/repository/com/embabel/agent/embabel-agent-api/1.0.0-SNAPSHOT/embabel-agent-api-1.0.0-SNAPSHOT.jar:/Users/russellmiles/.m2/repository/org/springframework/data/spring-data-commons/3.5.0/spring-data-commons-3.5.0.jar:/Users/russellmiles/.m2/repository/org/springframework/spring-beans/6.2.7/spring-beans-6.2.7.jar:/Users/russellmiles/.m2/repository/com/embabel/common/embabel-common-core/1.0.0-SNAPSHOT/embabel-common-core-1.0.0-SNAPSHOT.jar:/Users/russellmiles/.m2/repository/io/swagger/core/v3/swagger-annotations/2.2.28/swagger-annotations-2.2.28.jar:/Users/russellmiles/.m2/repository/com/embabel/common/embabel-common-util/1.0.0-SNAPSHOT/embabel-common-util-1.0.0-SNAPSHOT.jar:/Users/russellmiles/.m2/repository/org/apache/commons/commons-lang3/3.17.0/commons-lang3-3.17.0.jar:/Users/russellmiles/.m2/repository/net/java/dev/jna/jna-platform/5.16.0/jna-platform-5.16.0.jar:/Users/russellmiles/.m2/repository/net/java/dev/jna/jna/5.16.0/jna-5.16.0.jar:/Users/russellmiles/.m2/repository/com/embabel/common/embabel-common-ai/1.0.0-SNAPSHOT/embabel-common-ai-1.0.0-SNAPSHOT.jar:/Users/russellmiles/.m2/repository/org/springframework/boot/spring-boot-starter-validation/3.5.0/spring-boot-starter-validation-3.5.0.jar:/Users/russellmiles/.m2/repository/org/apache/tomcat/embed/tomcat-embed-el/10.1.41/tomcat-embed-el-10.1.41.jar:/Users/russellmiles/.m2/repository/org/hibernate/validator/hibernate-validator/8.0.2.Final/hibernate-validator-8.0.2.Final.jar:/Users/russellmiles/.m2/repository/jakarta/validation/jakarta.validation-api/3.0.2/jakarta.validation-api-3.0.2.jar:/Users/russellmiles/.m2/repository/org/jboss/logging/jboss-logging/3.6.1.Final/jboss-logging-3.6.1.Final.jar:/Users/russellmiles/.m2/repository/com/embabel/common/embabel-common-textio/1.0.0-SNAPSHOT/embabel-common-textio-1.0.0-SNAPSHOT.jar:/Users/russellmiles/.m2/repository/com/hubspot/jinjava/jinjava/2.7.4/jinjava-2.7.4.jar:/Users/russellmiles/.m2/repository/com/google/guava/guava/33.1.0-jre/guava-33.1.0-jre.jar:/Users/russellmiles/.m2/repository/com/google/guava/failureaccess/1.0.2/failureaccess-1.0.2.jar:/Users/russellmiles/.m2/repository/com/google/guava/listenablefuture/9999.0-empty-to-avoid-conflict-with-guava/listenablefuture-9999.0-empty-to-avoid-conflict-with-guava.jar:/Users/russellmiles/.m2/repository/org/checkerframework/checker-qual/3.42.0/checker-qual-3.42.0.jar:/Users/russellmiles/.m2/repository/com/google/errorprone/error_prone_annotations/2.26.1/error_prone_annotations-2.26.1.jar:/Users/russellmiles/.m2/repository/com/google/j2objc/j2objc-annotations/3.0.0/j2objc-annotations-3.0.0.jar:/Users/russellmiles/.m2/repository/org/javassist/javassist/3.24.1-GA/javassist-3.24.1-GA.jar:/Users/russellmiles/.m2/repository/com/google/re2j/re2j/1.2/re2j-1.2.jar:/Users/russellmiles/.m2/repository/commons-net/commons-net/3.9.0/commons-net-3.9.0.jar:/Users/russellmiles/.m2/repository/com/googlecode/java-ipv6/java-ipv6/0.17/java-ipv6-0.17.jar:/Users/russellmiles/.m2/repository/com/google/code/findbugs/annotations/3.0.1/annotations-3.0.1.jar:/Users/russellmiles/.m2/repository/com/fasterxml/jackson/core/jackson-core/2.19.0/jackson-core-2.19.0.jar:/Users/russellmiles/.m2/repository/com/fasterxml/jackson/dataformat/jackson-dataformat-yaml/2.19.0/jackson-dataformat-yaml-2.19.0.jar:/Users/russellmiles/.m2/repository/com/fasterxml/jackson/datatype/jackson-datatype-jdk8/2.19.0/jackson-datatype-jdk8-2.19.0.jar:/Users/russellmiles/.m2/repository/ch/obermuhlner/big-math/2.0.0/big-math-2.0.0.jar:/Users/russellmiles/.m2/repository/com/hubspot/immutables/immutables-exceptions/1.9/immutables-exceptions-1.9.jar:/Users/russellmiles/.m2/repository/org/apache/commons/commons-text/1.10.0/commons-text-1.10.0.jar:/Users/russellmiles/.m2/repository/org/jetbrains/kotlinx/kotlinx-coroutines-core/1.8.1/kotlinx-coroutines-core-1.8.1.jar:/Users/russellmiles/.m2/repository/org/jetbrains/kotlinx/kotlinx-coroutines-core-jvm/1.8.1/kotlinx-coroutines-core-jvm-1.8.1.jar:/Users/russellmiles/.m2/repository/org/kohsuke/github-api/2.0-rc.3/github-api-2.0-rc.3.jar:/Users/russellmiles/.m2/repository/com/fasterxml/jackson/core/jackson-databind/2.19.0/jackson-databind-2.19.0.jar:/Users/russellmiles/.m2/repository/com/fasterxml/jackson/datatype/jackson-datatype-jsr310/2.19.0/jackson-datatype-jsr310-2.19.0.jar:/Users/russellmiles/.m2/repository/commons-io/commons-io/2.16.1/commons-io-2.16.1.jar:/Users/russellmiles/.m2/repository/org/springframework/ai/spring-ai-starter-mcp-client/1.0.0-M8/spring-ai-starter-mcp-client-1.0.0-M8.jar:/Users/russellmiles/.m2/repository/org/springframework/ai/spring-ai-autoconfigure-mcp-client/1.0.0-M8/spring-ai-autoconfigure-mcp-client-1.0.0-M8.jar:/Users/russellmiles/.m2/repository/org/springframework/ai/spring-ai-mcp/1.0.0-M8/spring-ai-mcp-1.0.0-M8.jar:/Users/russellmiles/.m2/repository/io/modelcontextprotocol/sdk/mcp/0.9.0/mcp-0.9.0.jar:/Users/russellmiles/.m2/repository/org/springframework/ai/spring-ai-starter-mcp-server-webmvc/1.0.0-M8/spring-ai-starter-mcp-server-webmvc-1.0.0-M8.jar:/Users/russellmiles/.m2/repository/org/springframework/ai/spring-ai-autoconfigure-mcp-server/1.0.0-M8/spring-ai-autoconfigure-mcp-server-1.0.0-M8.jar:/Users/russellmiles/.m2/repository/io/modelcontextprotocol/sdk/mcp-spring-webmvc/0.9.0/mcp-spring-webmvc-0.9.0.jar:/Users/russellmiles/.m2/repository/org/springframework/boot/spring-boot-starter-web/3.5.0/spring-boot-starter-web-3.5.0.jar:/Users/russellmiles/.m2/repository/org/springframework/boot/spring-boot-starter-json/3.5.0/spring-boot-starter-json-3.5.0.jar:/Users/russellmiles/.m2/repository/com/fasterxml/jackson/module/jackson-module-parameter-names/2.19.0/jackson-module-parameter-names-2.19.0.jar:/Users/russellmiles/.m2/repository/org/springframework/boot/spring-boot-starter-tomcat/3.5.0/spring-boot-starter-tomcat-3.5.0.jar:/Users/russellmiles/.m2/repository/org/apache/tomcat/embed/tomcat-embed-core/10.1.41/tomcat-embed-core-10.1.41.jar:/Users/russellmiles/.m2/repository/org/apache/tomcat/embed/tomcat-embed-websocket/10.1.41/tomcat-embed-websocket-10.1.41.jar:/Users/russellmiles/.m2/repository/org/springframework/spring-web/6.2.7/spring-web-6.2.7.jar:/Users/russellmiles/.m2/repository/org/springframework/spring-webmvc/6.2.7/spring-webmvc-6.2.7.jar:/Users/russellmiles/.m2/repository/org/springframework/shell/spring-shell-starter/3.4.0/spring-shell-starter-3.4.0.jar:/Users/russellmiles/.m2/repository/org/springframework/shell/spring-shell-autoconfigure/3.4.0/spring-shell-autoconfigure-3.4.0.jar:/Users/russellmiles/.m2/repository/org/springframework/shell/spring-shell-core/3.4.0/spring-shell-core-3.4.0.jar:/Users/russellmiles/.m2/repository/org/springframework/spring-messaging/6.2.7/spring-messaging-6.2.7.jar:/Users/russellmiles/.m2/repository/io/projectreactor/reactor-core/3.7.6/reactor-core-3.7.6.jar:/Users/russellmiles/.m2/repository/org/jline/jline-console/3.26.3/jline-console-3.26.3.jar:/Users/russellmiles/.m2/repository/org/jline/jline-builtins/3.26.3/jline-builtins-3.26.3.jar:/Users/russellmiles/.m2/repository/org/jline/jline-reader/3.26.3/jline-reader-3.26.3.jar:/Users/russellmiles/.m2/repository/org/jline/jline-style/3.26.3/jline-style-3.26.3.jar:/Users/russellmiles/.m2/repository/org/jline/jline-terminal/3.26.3/jline-terminal-3.26.3.jar:/Users/russellmiles/.m2/repository/org/jline/jline-native/3.26.3/jline-native-3.26.3.jar:/Users/russellmiles/.m2/repository/org/antlr/ST4/4.3.4/ST4-4.3.4.jar:/Users/russellmiles/.m2/repository/org/antlr/antlr-runtime/3.5.3/antlr-runtime-3.5.3.jar:/Users/russellmiles/.m2/repository/org/springframework/shell/spring-shell-standard/3.4.0/spring-shell-standard-3.4.0.jar:/Users/russellmiles/.m2/repository/org/springframework/shell/spring-shell-standard-commands/3.4.0/spring-shell-standard-commands-3.4.0.jar:/Users/russellmiles/.m2/repository/org/springframework/shell/spring-shell-table/3.4.0/spring-shell-table-3.4.0.jar:/Users/russellmiles/.m2/repository/org/springframework/ai/spring-ai-vector-store/1.0.0-M8/spring-ai-vector-store-1.0.0-M8.jar:/Users/russellmiles/.m2/repository/org/springframework/ai/spring-ai-model/1.0.0-M8/spring-ai-model-1.0.0-M8.jar:/Users/russellmiles/.m2/repository/org/springframework/ai/spring-ai-commons/1.0.0-M8/spring-ai-commons-1.0.0-M8.jar:/Users/russellmiles/.m2/repository/org/springframework/ai/spring-ai-template-st/1.0.0-M8/spring-ai-template-st-1.0.0-M8.jar:/Users/russellmiles/.m2/repository/org/antlr/antlr4-runtime/4.13.1/antlr4-runtime-4.13.1.jar:/Users/russellmiles/.m2/repository/com/github/victools/jsonschema-module-swagger-2/4.37.0/jsonschema-module-swagger-2-4.37.0.jar:/Users/russellmiles/.m2/repository/org/springframework/ai/spring-ai-neo4j-store/1.0.0-M8/spring-ai-neo4j-store-1.0.0-M8.jar:/Users/russellmiles/.m2/repository/org/neo4j/driver/neo4j-java-driver/5.28.5/neo4j-java-driver-5.28.5.jar:/Users/russellmiles/.m2/repository/org/neo4j/bolt/neo4j-bolt-connection/2.0.0/neo4j-bolt-connection-2.0.0.jar:/Users/russellmiles/.m2/repository/org/neo4j/bolt/neo4j-bolt-connection-netty/2.0.0/neo4j-bolt-connection-netty-2.0.0.jar:/Users/russellmiles/.m2/repository/io/netty/netty-tcnative-classes/2.0.70.Final/netty-tcnative-classes-2.0.70.Final.jar:/Users/russellmiles/.m2/repository/org/neo4j/bolt/neo4j-bolt-connection-pooled/2.0.0/neo4j-bolt-connection-pooled-2.0.0.jar:/Users/russellmiles/.m2/repository/org/neo4j/bolt/neo4j-bolt-connection-routed/2.0.0/neo4j-bolt-connection-routed-2.0.0.jar:/Users/russellmiles/.m2/repository/org/reactivestreams/reactive-streams/1.0.4/reactive-streams-1.0.4.jar:/Users/russellmiles/.m2/repository/org/neo4j/neo4j-cypher-dsl-schema-name-support/2024.5.1/neo4j-cypher-dsl-schema-name-support-2024.5.1.jar:/Users/russellmiles/.m2/repository/org/springframework/ai/spring-ai-openai/1.0.0-M8/spring-ai-openai-1.0.0-M8.jar:/Users/russellmiles/.m2/repository/org/springframework/ai/spring-ai-client-chat/1.0.0-M8/spring-ai-client-chat-1.0.0-M8.jar:/Users/russellmiles/.m2/repository/com/fasterxml/jackson/module/jackson-module-jsonSchema/2.19.0/jackson-module-jsonSchema-2.19.0.jar:/Users/russellmiles/.m2/repository/javax/validation/validation-api/1.1.0.Final/validation-api-1.1.0.Final.jar:/Users/russellmiles/.m2/repository/com/knuddels/jtokkit/1.1.0/jtokkit-1.1.0.jar:/Users/russellmiles/.m2/repository/org/springframework/ai/spring-ai-retry/1.0.0-M8/spring-ai-retry-1.0.0-M8.jar:/Users/russellmiles/.m2/repository/org/springframework/retry/spring-retry/2.0.12/spring-retry-2.0.12.jar:/Users/russellmiles/.m2/repository/org/springframework/spring-webflux/6.2.7/spring-webflux-6.2.7.jar:/Users/russellmiles/.m2/repository/io/rest-assured/json-path/5.5.2/json-path-5.5.2.jar:/Users/russellmiles/.m2/repository/org/apache/groovy/groovy-json/4.0.26/groovy-json-4.0.26.jar:/Users/russellmiles/.m2/repository/org/apache/groovy/groovy/4.0.26/groovy-4.0.26.jar:/Users/russellmiles/.m2/repository/io/rest-assured/rest-assured-common/5.5.2/rest-assured-common-5.5.2.jar:/Users/russellmiles/.m2/repository/com/github/victools/jsonschema-generator/4.37.0/jsonschema-generator-4.37.0.jar:/Users/russellmiles/.m2/repository/com/fasterxml/classmate/1.7.0/classmate-1.7.0.jar:/Users/russellmiles/.m2/repository/com/github/victools/jsonschema-module-jackson/4.37.0/jsonschema-module-jackson-4.37.0.jar:/Users/russellmiles/.m2/repository/org/springframework/spring-context-support/6.2.7/spring-context-support-6.2.7.jar:/Users/russellmiles/.m2/repository/org/springframework/ai/spring-ai-anthropic/1.0.0-M8/spring-ai-anthropic-1.0.0-M8.jar:/Users/russellmiles/.m2/repository/org/springframework/ai/spring-ai-ollama/1.0.0-M8/spring-ai-ollama-1.0.0-M8.jar:/Users/russellmiles/.m2/repository/org/springframework/ai/spring-ai-bedrock-converse/1.0.0-M8/spring-ai-bedrock-converse-1.0.0-M8.jar:/Users/russellmiles/.m2/repository/software/amazon/awssdk/bedrockruntime/2.31.26/bedrockruntime-2.31.26.jar:/Users/russellmiles/.m2/repository/software/amazon/awssdk/protocol-core/2.31.26/protocol-core-2.31.26.jar:/Users/russellmiles/.m2/repository/software/amazon/awssdk/aws-json-protocol/2.31.26/aws-json-protocol-2.31.26.jar:/Users/russellmiles/.m2/repository/software/amazon/awssdk/third-party-jackson-core/2.31.26/third-party-jackson-core-2.31.26.jar:/Users/russellmiles/.m2/repository/software/amazon/awssdk/http-auth-aws/2.31.26/http-auth-aws-2.31.26.jar:/Users/russellmiles/.m2/repository/software/amazon/awssdk/checksums-spi/2.31.26/checksums-spi-2.31.26.jar:/Users/russellmiles/.m2/repository/software/amazon/awssdk/checksums/2.31.26/checksums-2.31.26.jar:/Users/russellmiles/.m2/repository/software/amazon/awssdk/sdk-core/2.31.26/sdk-core-2.31.26.jar:/Users/russellmiles/.m2/repository/software/amazon/awssdk/retries/2.31.26/retries-2.31.26.jar:/Users/russellmiles/.m2/repository/software/amazon/awssdk/auth/2.31.26/auth-2.31.26.jar:/Users/russellmiles/.m2/repository/software/amazon/awssdk/http-auth-aws-eventstream/2.31.26/http-auth-aws-eventstream-2.31.26.jar:/Users/russellmiles/.m2/repository/software/amazon/eventstream/eventstream/1.0.1/eventstream-1.0.1.jar:/Users/russellmiles/.m2/repository/software/amazon/awssdk/http-auth-spi/2.31.26/http-auth-spi-2.31.26.jar:/Users/russellmiles/.m2/repository/software/amazon/awssdk/http-auth/2.31.26/http-auth-2.31.26.jar:/Users/russellmiles/.m2/repository/software/amazon/awssdk/identity-spi/2.31.26/identity-spi-2.31.26.jar:/Users/russellmiles/.m2/repository/software/amazon/awssdk/http-client-spi/2.31.26/http-client-spi-2.31.26.jar:/Users/russellmiles/.m2/repository/software/amazon/awssdk/regions/2.31.26/regions-2.31.26.jar:/Users/russellmiles/.m2/repository/software/amazon/awssdk/annotations/2.31.26/annotations-2.31.26.jar:/Users/russellmiles/.m2/repository/software/amazon/awssdk/utils/2.31.26/utils-2.31.26.jar:/Users/russellmiles/.m2/repository/software/amazon/awssdk/aws-core/2.31.26/aws-core-2.31.26.jar:/Users/russellmiles/.m2/repository/software/amazon/awssdk/metrics-spi/2.31.26/metrics-spi-2.31.26.jar:/Users/russellmiles/.m2/repository/software/amazon/awssdk/json-utils/2.31.26/json-utils-2.31.26.jar:/Users/russellmiles/.m2/repository/software/amazon/awssdk/endpoints-spi/2.31.26/endpoints-spi-2.31.26.jar:/Users/russellmiles/.m2/repository/software/amazon/awssdk/retries-spi/2.31.26/retries-spi-2.31.26.jar:/Users/russellmiles/.m2/repository/software/amazon/awssdk/apache-client/2.31.26/apache-client-2.31.26.jar:/Users/russellmiles/.m2/repository/org/apache/httpcomponents/httpclient/4.5.13/httpclient-4.5.13.jar:/Users/russellmiles/.m2/repository/org/apache/httpcomponents/httpcore/4.4.16/httpcore-4.4.16.jar:/Users/russellmiles/.m2/repository/commons-codec/commons-codec/1.18.0/commons-codec-1.18.0.jar:/Users/russellmiles/.m2/repository/software/amazon/awssdk/sts/2.31.26/sts-2.31.26.jar:/Users/russellmiles/.m2/repository/software/amazon/awssdk/aws-query-protocol/2.31.26/aws-query-protocol-2.31.26.jar:/Users/russellmiles/.m2/repository/software/amazon/awssdk/profiles/2.31.26/profiles-2.31.26.jar:/Users/russellmiles/.m2/repository/software/amazon/awssdk/netty-nio-client/2.31.26/netty-nio-client-2.31.26.jar:/Users/russellmiles/.m2/repository/io/netty/netty-codec-http/4.1.121.Final/netty-codec-http-4.1.121.Final.jar:/Users/russellmiles/.m2/repository/io/netty/netty-codec-http2/4.1.121.Final/netty-codec-http2-4.1.121.Final.jar:/Users/russellmiles/.m2/repository/io/netty/netty-codec/4.1.121.Final/netty-codec-4.1.121.Final.jar:/Users/russellmiles/.m2/repository/io/netty/netty-transport/4.1.121.Final/netty-transport-4.1.121.Final.jar:/Users/russellmiles/.m2/repository/io/netty/netty-common/4.1.121.Final/netty-common-4.1.121.Final.jar:/Users/russellmiles/.m2/repository/io/netty/netty-buffer/4.1.121.Final/netty-buffer-4.1.121.Final.jar:/Users/russellmiles/.m2/repository/io/netty/netty-handler/4.1.121.Final/netty-handler-4.1.121.Final.jar:/Users/russellmiles/.m2/repository/io/netty/netty-transport-native-unix-common/4.1.121.Final/netty-transport-native-unix-common-4.1.121.Final.jar:/Users/russellmiles/.m2/repository/io/netty/netty-transport-classes-epoll/4.1.121.Final/netty-transport-classes-epoll-4.1.121.Final.jar:/Users/russellmiles/.m2/repository/io/netty/netty-resolver/4.1.121.Final/netty-resolver-4.1.121.Final.jar:/Users/russellmiles/.m2/repository/org/springframework/ai/spring-ai-autoconfigure-model-bedrock-ai/1.0.0-M8/spring-ai-autoconfigure-model-bedrock-ai-1.0.0-M8.jar:/Users/russellmiles/.m2/repository/org/springframework/ai/spring-ai-autoconfigure-model-tool/1.0.0-M8/spring-ai-autoconfigure-model-tool-1.0.0-M8.jar:/Users/russellmiles/.m2/repository/org/springframework/ai/spring-ai-autoconfigure-retry/1.0.0-M8/spring-ai-autoconfigure-retry-1.0.0-M8.jar:/Users/russellmiles/.m2/repository/org/springframework/ai/spring-ai-autoconfigure-model-chat-observation/1.0.0-M8/spring-ai-autoconfigure-model-chat-observation-1.0.0-M8.jar:/Users/russellmiles/.m2/repository/org/springframework/ai/spring-ai-autoconfigure-model-embedding-observation/1.0.0-M8/spring-ai-autoconfigure-model-embedding-observation-1.0.0-M8.jar:/Users/russellmiles/.m2/repository/org/springframework/ai/spring-ai-autoconfigure-model-image-observation/1.0.0-M8/spring-ai-autoconfigure-model-image-observation-1.0.0-M8.jar:/Users/russellmiles/.m2/repository/com/fasterxml/jackson/module/jackson-module-kotlin/2.19.0/jackson-module-kotlin-2.19.0.jar:/Users/russellmiles/.m2/repository/com/fasterxml/jackson/core/jackson-annotations/2.19.0/jackson-annotations-2.19.0.jar:/Users/russellmiles/.m2/repository/info/schnatterer/moby-names-generator/moby-names-generator/20.10.1-r0/moby-names-generator-20.10.1-r0.jar:/Users/russellmiles/.m2/repository/org/springframework/boot/spring-boot-starter-actuator/3.5.0/spring-boot-starter-actuator-3.5.0.jar:/Users/russellmiles/.m2/repository/org/springframework/boot/spring-boot-actuator-autoconfigure/3.5.0/spring-boot-actuator-autoconfigure-3.5.0.jar:/Users/russellmiles/.m2/repository/org/springframework/boot/spring-boot-actuator/3.5.0/spring-boot-actuator-3.5.0.jar:/Users/russellmiles/.m2/repository/io/micrometer/micrometer-observation/1.15.0/micrometer-observation-1.15.0.jar:/Users/russellmiles/.m2/repository/io/micrometer/micrometer-commons/1.15.0/micrometer-commons-1.15.0.jar:/Users/russellmiles/.m2/repository/io/micrometer/micrometer-jakarta9/1.15.0/micrometer-jakarta9-1.15.0.jar:/Users/russellmiles/.m2/repository/io/micrometer/micrometer-core/1.15.0/micrometer-core-1.15.0.jar:/Users/russellmiles/.m2/repository/org/hdrhistogram/HdrHistogram/2.2.2/HdrHistogram-2.2.2.jar:/Users/russellmiles/.m2/repository/org/latencyutils/LatencyUtils/2.0.3/LatencyUtils-2.0.3.jar:/Users/russellmiles/.m2/repository/io/micrometer/micrometer-tracing-bridge-brave/1.5.0/micrometer-tracing-bridge-brave-1.5.0.jar:/Users/russellmiles/.m2/repository/io/micrometer/micrometer-tracing/1.5.0/micrometer-tracing-1.5.0.jar:/Users/russellmiles/.m2/repository/io/micrometer/context-propagation/1.1.3/context-propagation-1.1.3.jar:/Users/russellmiles/.m2/repository/aopalliance/aopalliance/1.0/aopalliance-1.0.jar:/Users/russellmiles/.m2/repository/io/zipkin/brave/brave/6.1.0/brave-6.1.0.jar:/Users/russellmiles/.m2/repository/io/zipkin/brave/brave-context-slf4j/6.1.0/brave-context-slf4j-6.1.0.jar:/Users/russellmiles/.m2/repository/io/zipkin/brave/brave-instrumentation-http/6.1.0/brave-instrumentation-http-6.1.0.jar:/Users/russellmiles/.m2/repository/io/zipkin/aws/brave-propagation-aws/1.3.0/brave-propagation-aws-1.3.0.jar:/Users/russellmiles/.m2/repository/io/zipkin/contrib/brave-propagation-w3c/brave-propagation-tracecontext/0.2.0/brave-propagation-tracecontext-0.2.0.jar:/Users/russellmiles/.m2/repository/io/zipkin/reporter2/zipkin-reporter-brave/3.5.0/zipkin-reporter-brave-3.5.0.jar:/Users/russellmiles/.m2/repository/io/zipkin/reporter2/zipkin-reporter/3.5.0/zipkin-reporter-3.5.0.jar:"/>
    <property name="java.vm.vendor" value="Eclipse Adoptium"/>
    <property name="sun.arch.data.model" value="64"/>
    <property name="java.vendor.url" value="https://adoptium.net/"/>
    <property name="user.timezone" value="Europe/London"/>
    <property name="org.jboss.logging.provider" value="slf4j"/>
    <property name="os.name" value="Mac OS X"/>
    <property name="java.vm.specification.version" value="21"/>
    <property name="APPLICATION_NAME" value="agent"/>
    <property name="sun.java.launcher" value="SUN_STANDARD"/>
    <property name="user.country" value="GB"/>
    <property name="sun.boot.library.path" value="/Users/russellmiles/.sdkman/candidates/java/21.0.3-tem/lib"/>
    <property name="sun.java.command" value="/Users/russellmiles/code/russmiles/embabel-kotlin-agent-quickstart/target/surefire/surefirebooter-20250602153307408_3.jar /Users/russellmiles/code/russmiles/embabel-kotlin-agent-quickstart/target/surefire 2025-06-02T15-33-07_303-jvmRun1 surefire-20250602153307408_1tmp surefire_0-20250602153307408_2tmp"/>
    <property name="http.nonProxyHosts" value="local|*.local|169.254/16|*.169.254/16"/>
    <property name="jdk.debug" value="release"/>
    <property name="surefire.test.class.path" value="/Users/russellmiles/code/russmiles/embabel-kotlin-agent-quickstart/target/test-classes:/Users/russellmiles/code/russmiles/embabel-kotlin-agent-quickstart/target/classes:/Users/russellmiles/.m2/repository/org/springframework/boot/spring-boot-starter/3.5.0/spring-boot-starter-3.5.0.jar:/Users/russellmiles/.m2/repository/org/springframework/boot/spring-boot/3.5.0/spring-boot-3.5.0.jar:/Users/russellmiles/.m2/repository/org/springframework/spring-context/6.2.7/spring-context-6.2.7.jar:/Users/russellmiles/.m2/repository/org/springframework/spring-aop/6.2.7/spring-aop-6.2.7.jar:/Users/russellmiles/.m2/repository/org/springframework/spring-expression/6.2.7/spring-expression-6.2.7.jar:/Users/russellmiles/.m2/repository/org/springframework/boot/spring-boot-autoconfigure/3.5.0/spring-boot-autoconfigure-3.5.0.jar:/Users/russellmiles/.m2/repository/org/springframework/boot/spring-boot-starter-logging/3.5.0/spring-boot-starter-logging-3.5.0.jar:/Users/russellmiles/.m2/repository/ch/qos/logback/logback-classic/1.5.18/logback-classic-1.5.18.jar:/Users/russellmiles/.m2/repository/ch/qos/logback/logback-core/1.5.18/logback-core-1.5.18.jar:/Users/russellmiles/.m2/repository/org/apache/logging/log4j/log4j-to-slf4j/2.24.3/log4j-to-slf4j-2.24.3.jar:/Users/russellmiles/.m2/repository/org/apache/logging/log4j/log4j-api/2.24.3/log4j-api-2.24.3.jar:/Users/russellmiles/.m2/repository/org/slf4j/jul-to-slf4j/2.0.17/jul-to-slf4j-2.0.17.jar:/Users/russellmiles/.m2/repository/jakarta/annotation/jakarta.annotation-api/2.1.1/jakarta.annotation-api-2.1.1.jar:/Users/russellmiles/.m2/repository/org/springframework/spring-core/6.2.7/spring-core-6.2.7.jar:/Users/russellmiles/.m2/repository/org/springframework/spring-jcl/6.2.7/spring-jcl-6.2.7.jar:/Users/russellmiles/.m2/repository/org/yaml/snakeyaml/2.4/snakeyaml-2.4.jar:/Users/russellmiles/.m2/repository/org/jetbrains/kotlin/kotlin-reflect/2.1.0/kotlin-reflect-2.1.0.jar:/Users/russellmiles/.m2/repository/org/jetbrains/kotlin/kotlin-stdlib/2.1.0/kotlin-stdlib-2.1.0.jar:/Users/russellmiles/.m2/repository/org/jetbrains/annotations/13.0/annotations-13.0.jar:/Users/russellmiles/.m2/repository/org/springframework/boot/spring-boot-starter-test/3.5.0/spring-boot-starter-test-3.5.0.jar:/Users/russellmiles/.m2/repository/org/springframework/boot/spring-boot-test/3.5.0/spring-boot-test-3.5.0.jar:/Users/russellmiles/.m2/repository/org/springframework/boot/spring-boot-test-autoconfigure/3.5.0/spring-boot-test-autoconfigure-3.5.0.jar:/Users/russellmiles/.m2/repository/com/jayway/jsonpath/json-path/2.9.0/json-path-2.9.0.jar:/Users/russellmiles/.m2/repository/org/slf4j/slf4j-api/2.0.17/slf4j-api-2.0.17.jar:/Users/russellmiles/.m2/repository/jakarta/xml/bind/jakarta.xml.bind-api/4.0.2/jakarta.xml.bind-api-4.0.2.jar:/Users/russellmiles/.m2/repository/jakarta/activation/jakarta.activation-api/2.1.3/jakarta.activation-api-2.1.3.jar:/Users/russellmiles/.m2/repository/net/minidev/json-smart/2.5.2/json-smart-2.5.2.jar:/Users/russellmiles/.m2/repository/net/minidev/accessors-smart/2.5.2/accessors-smart-2.5.2.jar:/Users/russellmiles/.m2/repository/org/ow2/asm/asm/9.7.1/asm-9.7.1.jar:/Users/russellmiles/.m2/repository/org/assertj/assertj-core/3.27.3/assertj-core-3.27.3.jar:/Users/russellmiles/.m2/repository/net/bytebuddy/byte-buddy/1.17.5/byte-buddy-1.17.5.jar:/Users/russellmiles/.m2/repository/org/awaitility/awaitility/4.3.0/awaitility-4.3.0.jar:/Users/russellmiles/.m2/repository/org/hamcrest/hamcrest/3.0/hamcrest-3.0.jar:/Users/russellmiles/.m2/repository/org/junit/jupiter/junit-jupiter/5.12.2/junit-jupiter-5.12.2.jar:/Users/russellmiles/.m2/repository/org/junit/jupiter/junit-jupiter-params/5.12.2/junit-jupiter-params-5.12.2.jar:/Users/russellmiles/.m2/repository/org/mockito/mockito-core/5.17.0/mockito-core-5.17.0.jar:/Users/russellmiles/.m2/repository/net/bytebuddy/byte-buddy-agent/1.17.5/byte-buddy-agent-1.17.5.jar:/Users/russellmiles/.m2/repository/org/objenesis/objenesis/3.3/objenesis-3.3.jar:/Users/russellmiles/.m2/repository/org/mockito/mockito-junit-jupiter/5.17.0/mockito-junit-jupiter-5.17.0.jar:/Users/russellmiles/.m2/repository/org/skyscreamer/jsonassert/1.5.3/jsonassert-1.5.3.jar:/Users/russellmiles/.m2/repository/com/vaadin/external/google/android-json/0.0.20131108.vaadin1/android-json-0.0.20131108.vaadin1.jar:/Users/russellmiles/.m2/repository/org/springframework/spring-test/6.2.7/spring-test-6.2.7.jar:/Users/russellmiles/.m2/repository/org/xmlunit/xmlunit-core/2.10.1/xmlunit-core-2.10.1.jar:/Users/russellmiles/.m2/repository/org/jetbrains/kotlin/kotlin-test-junit5/2.1.0/kotlin-test-junit5-2.1.0.jar:/Users/russellmiles/.m2/repository/org/jetbrains/kotlin/kotlin-test/2.1.0/kotlin-test-2.1.0.jar:/Users/russellmiles/.m2/repository/org/junit/jupiter/junit-jupiter-api/5.12.2/junit-jupiter-api-5.12.2.jar:/Users/russellmiles/.m2/repository/org/opentest4j/opentest4j/1.3.0/opentest4j-1.3.0.jar:/Users/russellmiles/.m2/repository/org/junit/platform/junit-platform-commons/1.12.2/junit-platform-commons-1.12.2.jar:/Users/russellmiles/.m2/repository/org/apiguardian/apiguardian-api/1.1.2/apiguardian-api-1.1.2.jar:/Users/russellmiles/.m2/repository/org/junit/jupiter/junit-jupiter-engine/5.12.2/junit-jupiter-engine-5.12.2.jar:/Users/russellmiles/.m2/repository/org/junit/platform/junit-platform-engine/1.12.2/junit-platform-engine-1.12.2.jar:/Users/russellmiles/.m2/repository/org/junit/platform/junit-platform-launcher/1.12.2/junit-platform-launcher-1.12.2.jar:/Users/russellmiles/.m2/repository/com/embabel/agent/embabel-agent-api/1.0.0-SNAPSHOT/embabel-agent-api-1.0.0-SNAPSHOT.jar:/Users/russellmiles/.m2/repository/org/springframework/data/spring-data-commons/3.5.0/spring-data-commons-3.5.0.jar:/Users/russellmiles/.m2/repository/org/springframework/spring-beans/6.2.7/spring-beans-6.2.7.jar:/Users/russellmiles/.m2/repository/com/embabel/common/embabel-common-core/1.0.0-SNAPSHOT/embabel-common-core-1.0.0-SNAPSHOT.jar:/Users/russellmiles/.m2/repository/io/swagger/core/v3/swagger-annotations/2.2.28/swagger-annotations-2.2.28.jar:/Users/russellmiles/.m2/repository/com/embabel/common/embabel-common-util/1.0.0-SNAPSHOT/embabel-common-util-1.0.0-SNAPSHOT.jar:/Users/russellmiles/.m2/repository/org/apache/commons/commons-lang3/3.17.0/commons-lang3-3.17.0.jar:/Users/russellmiles/.m2/repository/net/java/dev/jna/jna-platform/5.16.0/jna-platform-5.16.0.jar:/Users/russellmiles/.m2/repository/net/java/dev/jna/jna/5.16.0/jna-5.16.0.jar:/Users/russellmiles/.m2/repository/com/embabel/common/embabel-common-ai/1.0.0-SNAPSHOT/embabel-common-ai-1.0.0-SNAPSHOT.jar:/Users/russellmiles/.m2/repository/org/springframework/boot/spring-boot-starter-validation/3.5.0/spring-boot-starter-validation-3.5.0.jar:/Users/russellmiles/.m2/repository/org/apache/tomcat/embed/tomcat-embed-el/10.1.41/tomcat-embed-el-10.1.41.jar:/Users/russellmiles/.m2/repository/org/hibernate/validator/hibernate-validator/8.0.2.Final/hibernate-validator-8.0.2.Final.jar:/Users/russellmiles/.m2/repository/jakarta/validation/jakarta.validation-api/3.0.2/jakarta.validation-api-3.0.2.jar:/Users/russellmiles/.m2/repository/org/jboss/logging/jboss-logging/3.6.1.Final/jboss-logging-3.6.1.Final.jar:/Users/russellmiles/.m2/repository/com/embabel/common/embabel-common-textio/1.0.0-SNAPSHOT/embabel-common-textio-1.0.0-SNAPSHOT.jar:/Users/russellmiles/.m2/repository/com/hubspot/jinjava/jinjava/2.7.4/jinjava-2.7.4.jar:/Users/russellmiles/.m2/repository/com/google/guava/guava/33.1.0-jre/guava-33.1.0-jre.jar:/Users/russellmiles/.m2/repository/com/google/guava/failureaccess/1.0.2/failureaccess-1.0.2.jar:/Users/russellmiles/.m2/repository/com/google/guava/listenablefuture/9999.0-empty-to-avoid-conflict-with-guava/listenablefuture-9999.0-empty-to-avoid-conflict-with-guava.jar:/Users/russellmiles/.m2/repository/org/checkerframework/checker-qual/3.42.0/checker-qual-3.42.0.jar:/Users/russellmiles/.m2/repository/com/google/errorprone/error_prone_annotations/2.26.1/error_prone_annotations-2.26.1.jar:/Users/russellmiles/.m2/repository/com/google/j2objc/j2objc-annotations/3.0.0/j2objc-annotations-3.0.0.jar:/Users/russellmiles/.m2/repository/org/javassist/javassist/3.24.1-GA/javassist-3.24.1-GA.jar:/Users/russellmiles/.m2/repository/com/google/re2j/re2j/1.2/re2j-1.2.jar:/Users/russellmiles/.m2/repository/commons-net/commons-net/3.9.0/commons-net-3.9.0.jar:/Users/russellmiles/.m2/repository/com/googlecode/java-ipv6/java-ipv6/0.17/java-ipv6-0.17.jar:/Users/russellmiles/.m2/repository/com/google/code/findbugs/annotations/3.0.1/annotations-3.0.1.jar:/Users/russellmiles/.m2/repository/com/fasterxml/jackson/core/jackson-core/2.19.0/jackson-core-2.19.0.jar:/Users/russellmiles/.m2/repository/com/fasterxml/jackson/dataformat/jackson-dataformat-yaml/2.19.0/jackson-dataformat-yaml-2.19.0.jar:/Users/russellmiles/.m2/repository/com/fasterxml/jackson/datatype/jackson-datatype-jdk8/2.19.0/jackson-datatype-jdk8-2.19.0.jar:/Users/russellmiles/.m2/repository/ch/obermuhlner/big-math/2.0.0/big-math-2.0.0.jar:/Users/russellmiles/.m2/repository/com/hubspot/immutables/immutables-exceptions/1.9/immutables-exceptions-1.9.jar:/Users/russellmiles/.m2/repository/org/apache/commons/commons-text/1.10.0/commons-text-1.10.0.jar:/Users/russellmiles/.m2/repository/org/jetbrains/kotlinx/kotlinx-coroutines-core/1.8.1/kotlinx-coroutines-core-1.8.1.jar:/Users/russellmiles/.m2/repository/org/jetbrains/kotlinx/kotlinx-coroutines-core-jvm/1.8.1/kotlinx-coroutines-core-jvm-1.8.1.jar:/Users/russellmiles/.m2/repository/org/kohsuke/github-api/2.0-rc.3/github-api-2.0-rc.3.jar:/Users/russellmiles/.m2/repository/com/fasterxml/jackson/core/jackson-databind/2.19.0/jackson-databind-2.19.0.jar:/Users/russellmiles/.m2/repository/com/fasterxml/jackson/datatype/jackson-datatype-jsr310/2.19.0/jackson-datatype-jsr310-2.19.0.jar:/Users/russellmiles/.m2/repository/commons-io/commons-io/2.16.1/commons-io-2.16.1.jar:/Users/russellmiles/.m2/repository/org/springframework/ai/spring-ai-starter-mcp-client/1.0.0-M8/spring-ai-starter-mcp-client-1.0.0-M8.jar:/Users/russellmiles/.m2/repository/org/springframework/ai/spring-ai-autoconfigure-mcp-client/1.0.0-M8/spring-ai-autoconfigure-mcp-client-1.0.0-M8.jar:/Users/russellmiles/.m2/repository/org/springframework/ai/spring-ai-mcp/1.0.0-M8/spring-ai-mcp-1.0.0-M8.jar:/Users/russellmiles/.m2/repository/io/modelcontextprotocol/sdk/mcp/0.9.0/mcp-0.9.0.jar:/Users/russellmiles/.m2/repository/org/springframework/ai/spring-ai-starter-mcp-server-webmvc/1.0.0-M8/spring-ai-starter-mcp-server-webmvc-1.0.0-M8.jar:/Users/russellmiles/.m2/repository/org/springframework/ai/spring-ai-autoconfigure-mcp-server/1.0.0-M8/spring-ai-autoconfigure-mcp-server-1.0.0-M8.jar:/Users/russellmiles/.m2/repository/io/modelcontextprotocol/sdk/mcp-spring-webmvc/0.9.0/mcp-spring-webmvc-0.9.0.jar:/Users/russellmiles/.m2/repository/org/springframework/boot/spring-boot-starter-web/3.5.0/spring-boot-starter-web-3.5.0.jar:/Users/russellmiles/.m2/repository/org/springframework/boot/spring-boot-starter-json/3.5.0/spring-boot-starter-json-3.5.0.jar:/Users/russellmiles/.m2/repository/com/fasterxml/jackson/module/jackson-module-parameter-names/2.19.0/jackson-module-parameter-names-2.19.0.jar:/Users/russellmiles/.m2/repository/org/springframework/boot/spring-boot-starter-tomcat/3.5.0/spring-boot-starter-tomcat-3.5.0.jar:/Users/russellmiles/.m2/repository/org/apache/tomcat/embed/tomcat-embed-core/10.1.41/tomcat-embed-core-10.1.41.jar:/Users/russellmiles/.m2/repository/org/apache/tomcat/embed/tomcat-embed-websocket/10.1.41/tomcat-embed-websocket-10.1.41.jar:/Users/russellmiles/.m2/repository/org/springframework/spring-web/6.2.7/spring-web-6.2.7.jar:/Users/russellmiles/.m2/repository/org/springframework/spring-webmvc/6.2.7/spring-webmvc-6.2.7.jar:/Users/russellmiles/.m2/repository/org/springframework/shell/spring-shell-starter/3.4.0/spring-shell-starter-3.4.0.jar:/Users/russellmiles/.m2/repository/org/springframework/shell/spring-shell-autoconfigure/3.4.0/spring-shell-autoconfigure-3.4.0.jar:/Users/russellmiles/.m2/repository/org/springframework/shell/spring-shell-core/3.4.0/spring-shell-core-3.4.0.jar:/Users/russellmiles/.m2/repository/org/springframework/spring-messaging/6.2.7/spring-messaging-6.2.7.jar:/Users/russellmiles/.m2/repository/io/projectreactor/reactor-core/3.7.6/reactor-core-3.7.6.jar:/Users/russellmiles/.m2/repository/org/jline/jline-console/3.26.3/jline-console-3.26.3.jar:/Users/russellmiles/.m2/repository/org/jline/jline-builtins/3.26.3/jline-builtins-3.26.3.jar:/Users/russellmiles/.m2/repository/org/jline/jline-reader/3.26.3/jline-reader-3.26.3.jar:/Users/russellmiles/.m2/repository/org/jline/jline-style/3.26.3/jline-style-3.26.3.jar:/Users/russellmiles/.m2/repository/org/jline/jline-terminal/3.26.3/jline-terminal-3.26.3.jar:/Users/russellmiles/.m2/repository/org/jline/jline-native/3.26.3/jline-native-3.26.3.jar:/Users/russellmiles/.m2/repository/org/antlr/ST4/4.3.4/ST4-4.3.4.jar:/Users/russellmiles/.m2/repository/org/antlr/antlr-runtime/3.5.3/antlr-runtime-3.5.3.jar:/Users/russellmiles/.m2/repository/org/springframework/shell/spring-shell-standard/3.4.0/spring-shell-standard-3.4.0.jar:/Users/russellmiles/.m2/repository/org/springframework/shell/spring-shell-standard-commands/3.4.0/spring-shell-standard-commands-3.4.0.jar:/Users/russellmiles/.m2/repository/org/springframework/shell/spring-shell-table/3.4.0/spring-shell-table-3.4.0.jar:/Users/russellmiles/.m2/repository/org/springframework/ai/spring-ai-vector-store/1.0.0-M8/spring-ai-vector-store-1.0.0-M8.jar:/Users/russellmiles/.m2/repository/org/springframework/ai/spring-ai-model/1.0.0-M8/spring-ai-model-1.0.0-M8.jar:/Users/russellmiles/.m2/repository/org/springframework/ai/spring-ai-commons/1.0.0-M8/spring-ai-commons-1.0.0-M8.jar:/Users/russellmiles/.m2/repository/org/springframework/ai/spring-ai-template-st/1.0.0-M8/spring-ai-template-st-1.0.0-M8.jar:/Users/russellmiles/.m2/repository/org/antlr/antlr4-runtime/4.13.1/antlr4-runtime-4.13.1.jar:/Users/russellmiles/.m2/repository/com/github/victools/jsonschema-module-swagger-2/4.37.0/jsonschema-module-swagger-2-4.37.0.jar:/Users/russellmiles/.m2/repository/org/springframework/ai/spring-ai-neo4j-store/1.0.0-M8/spring-ai-neo4j-store-1.0.0-M8.jar:/Users/russellmiles/.m2/repository/org/neo4j/driver/neo4j-java-driver/5.28.5/neo4j-java-driver-5.28.5.jar:/Users/russellmiles/.m2/repository/org/neo4j/bolt/neo4j-bolt-connection/2.0.0/neo4j-bolt-connection-2.0.0.jar:/Users/russellmiles/.m2/repository/org/neo4j/bolt/neo4j-bolt-connection-netty/2.0.0/neo4j-bolt-connection-netty-2.0.0.jar:/Users/russellmiles/.m2/repository/io/netty/netty-tcnative-classes/2.0.70.Final/netty-tcnative-classes-2.0.70.Final.jar:/Users/russellmiles/.m2/repository/org/neo4j/bolt/neo4j-bolt-connection-pooled/2.0.0/neo4j-bolt-connection-pooled-2.0.0.jar:/Users/russellmiles/.m2/repository/org/neo4j/bolt/neo4j-bolt-connection-routed/2.0.0/neo4j-bolt-connection-routed-2.0.0.jar:/Users/russellmiles/.m2/repository/org/reactivestreams/reactive-streams/1.0.4/reactive-streams-1.0.4.jar:/Users/russellmiles/.m2/repository/org/neo4j/neo4j-cypher-dsl-schema-name-support/2024.5.1/neo4j-cypher-dsl-schema-name-support-2024.5.1.jar:/Users/russellmiles/.m2/repository/org/springframework/ai/spring-ai-openai/1.0.0-M8/spring-ai-openai-1.0.0-M8.jar:/Users/russellmiles/.m2/repository/org/springframework/ai/spring-ai-client-chat/1.0.0-M8/spring-ai-client-chat-1.0.0-M8.jar:/Users/russellmiles/.m2/repository/com/fasterxml/jackson/module/jackson-module-jsonSchema/2.19.0/jackson-module-jsonSchema-2.19.0.jar:/Users/russellmiles/.m2/repository/javax/validation/validation-api/1.1.0.Final/validation-api-1.1.0.Final.jar:/Users/russellmiles/.m2/repository/com/knuddels/jtokkit/1.1.0/jtokkit-1.1.0.jar:/Users/russellmiles/.m2/repository/org/springframework/ai/spring-ai-retry/1.0.0-M8/spring-ai-retry-1.0.0-M8.jar:/Users/russellmiles/.m2/repository/org/springframework/retry/spring-retry/2.0.12/spring-retry-2.0.12.jar:/Users/russellmiles/.m2/repository/org/springframework/spring-webflux/6.2.7/spring-webflux-6.2.7.jar:/Users/russellmiles/.m2/repository/io/rest-assured/json-path/5.5.2/json-path-5.5.2.jar:/Users/russellmiles/.m2/repository/org/apache/groovy/groovy-json/4.0.26/groovy-json-4.0.26.jar:/Users/russellmiles/.m2/repository/org/apache/groovy/groovy/4.0.26/groovy-4.0.26.jar:/Users/russellmiles/.m2/repository/io/rest-assured/rest-assured-common/5.5.2/rest-assured-common-5.5.2.jar:/Users/russellmiles/.m2/repository/com/github/victools/jsonschema-generator/4.37.0/jsonschema-generator-4.37.0.jar:/Users/russellmiles/.m2/repository/com/fasterxml/classmate/1.7.0/classmate-1.7.0.jar:/Users/russellmiles/.m2/repository/com/github/victools/jsonschema-module-jackson/4.37.0/jsonschema-module-jackson-4.37.0.jar:/Users/russellmiles/.m2/repository/org/springframework/spring-context-support/6.2.7/spring-context-support-6.2.7.jar:/Users/russellmiles/.m2/repository/org/springframework/ai/spring-ai-anthropic/1.0.0-M8/spring-ai-anthropic-1.0.0-M8.jar:/Users/russellmiles/.m2/repository/org/springframework/ai/spring-ai-ollama/1.0.0-M8/spring-ai-ollama-1.0.0-M8.jar:/Users/russellmiles/.m2/repository/org/springframework/ai/spring-ai-bedrock-converse/1.0.0-M8/spring-ai-bedrock-converse-1.0.0-M8.jar:/Users/russellmiles/.m2/repository/software/amazon/awssdk/bedrockruntime/2.31.26/bedrockruntime-2.31.26.jar:/Users/russellmiles/.m2/repository/software/amazon/awssdk/protocol-core/2.31.26/protocol-core-2.31.26.jar:/Users/russellmiles/.m2/repository/software/amazon/awssdk/aws-json-protocol/2.31.26/aws-json-protocol-2.31.26.jar:/Users/russellmiles/.m2/repository/software/amazon/awssdk/third-party-jackson-core/2.31.26/third-party-jackson-core-2.31.26.jar:/Users/russellmiles/.m2/repository/software/amazon/awssdk/http-auth-aws/2.31.26/http-auth-aws-2.31.26.jar:/Users/russellmiles/.m2/repository/software/amazon/awssdk/checksums-spi/2.31.26/checksums-spi-2.31.26.jar:/Users/russellmiles/.m2/repository/software/amazon/awssdk/checksums/2.31.26/checksums-2.31.26.jar:/Users/russellmiles/.m2/repository/software/amazon/awssdk/sdk-core/2.31.26/sdk-core-2.31.26.jar:/Users/russellmiles/.m2/repository/software/amazon/awssdk/retries/2.31.26/retries-2.31.26.jar:/Users/russellmiles/.m2/repository/software/amazon/awssdk/auth/2.31.26/auth-2.31.26.jar:/Users/russellmiles/.m2/repository/software/amazon/awssdk/http-auth-aws-eventstream/2.31.26/http-auth-aws-eventstream-2.31.26.jar:/Users/russellmiles/.m2/repository/software/amazon/eventstream/eventstream/1.0.1/eventstream-1.0.1.jar:/Users/russellmiles/.m2/repository/software/amazon/awssdk/http-auth-spi/2.31.26/http-auth-spi-2.31.26.jar:/Users/russellmiles/.m2/repository/software/amazon/awssdk/http-auth/2.31.26/http-auth-2.31.26.jar:/Users/russellmiles/.m2/repository/software/amazon/awssdk/identity-spi/2.31.26/identity-spi-2.31.26.jar:/Users/russellmiles/.m2/repository/software/amazon/awssdk/http-client-spi/2.31.26/http-client-spi-2.31.26.jar:/Users/russellmiles/.m2/repository/software/amazon/awssdk/regions/2.31.26/regions-2.31.26.jar:/Users/russellmiles/.m2/repository/software/amazon/awssdk/annotations/2.31.26/annotations-2.31.26.jar:/Users/russellmiles/.m2/repository/software/amazon/awssdk/utils/2.31.26/utils-2.31.26.jar:/Users/russellmiles/.m2/repository/software/amazon/awssdk/aws-core/2.31.26/aws-core-2.31.26.jar:/Users/russellmiles/.m2/repository/software/amazon/awssdk/metrics-spi/2.31.26/metrics-spi-2.31.26.jar:/Users/russellmiles/.m2/repository/software/amazon/awssdk/json-utils/2.31.26/json-utils-2.31.26.jar:/Users/russellmiles/.m2/repository/software/amazon/awssdk/endpoints-spi/2.31.26/endpoints-spi-2.31.26.jar:/Users/russellmiles/.m2/repository/software/amazon/awssdk/retries-spi/2.31.26/retries-spi-2.31.26.jar:/Users/russellmiles/.m2/repository/software/amazon/awssdk/apache-client/2.31.26/apache-client-2.31.26.jar:/Users/russellmiles/.m2/repository/org/apache/httpcomponents/httpclient/4.5.13/httpclient-4.5.13.jar:/Users/russellmiles/.m2/repository/org/apache/httpcomponents/httpcore/4.4.16/httpcore-4.4.16.jar:/Users/russellmiles/.m2/repository/commons-codec/commons-codec/1.18.0/commons-codec-1.18.0.jar:/Users/russellmiles/.m2/repository/software/amazon/awssdk/sts/2.31.26/sts-2.31.26.jar:/Users/russellmiles/.m2/repository/software/amazon/awssdk/aws-query-protocol/2.31.26/aws-query-protocol-2.31.26.jar:/Users/russellmiles/.m2/repository/software/amazon/awssdk/profiles/2.31.26/profiles-2.31.26.jar:/Users/russellmiles/.m2/repository/software/amazon/awssdk/netty-nio-client/2.31.26/netty-nio-client-2.31.26.jar:/Users/russellmiles/.m2/repository/io/netty/netty-codec-http/4.1.121.Final/netty-codec-http-4.1.121.Final.jar:/Users/russellmiles/.m2/repository/io/netty/netty-codec-http2/4.1.121.Final/netty-codec-http2-4.1.121.Final.jar:/Users/russellmiles/.m2/repository/io/netty/netty-codec/4.1.121.Final/netty-codec-4.1.121.Final.jar:/Users/russellmiles/.m2/repository/io/netty/netty-transport/4.1.121.Final/netty-transport-4.1.121.Final.jar:/Users/russellmiles/.m2/repository/io/netty/netty-common/4.1.121.Final/netty-common-4.1.121.Final.jar:/Users/russellmiles/.m2/repository/io/netty/netty-buffer/4.1.121.Final/netty-buffer-4.1.121.Final.jar:/Users/russellmiles/.m2/repository/io/netty/netty-handler/4.1.121.Final/netty-handler-4.1.121.Final.jar:/Users/russellmiles/.m2/repository/io/netty/netty-transport-native-unix-common/4.1.121.Final/netty-transport-native-unix-common-4.1.121.Final.jar:/Users/russellmiles/.m2/repository/io/netty/netty-transport-classes-epoll/4.1.121.Final/netty-transport-classes-epoll-4.1.121.Final.jar:/Users/russellmiles/.m2/repository/io/netty/netty-resolver/4.1.121.Final/netty-resolver-4.1.121.Final.jar:/Users/russellmiles/.m2/repository/org/springframework/ai/spring-ai-autoconfigure-model-bedrock-ai/1.0.0-M8/spring-ai-autoconfigure-model-bedrock-ai-1.0.0-M8.jar:/Users/russellmiles/.m2/repository/org/springframework/ai/spring-ai-autoconfigure-model-tool/1.0.0-M8/spring-ai-autoconfigure-model-tool-1.0.0-M8.jar:/Users/russellmiles/.m2/repository/org/springframework/ai/spring-ai-autoconfigure-retry/1.0.0-M8/spring-ai-autoconfigure-retry-1.0.0-M8.jar:/Users/russellmiles/.m2/repository/org/springframework/ai/spring-ai-autoconfigure-model-chat-observation/1.0.0-M8/spring-ai-autoconfigure-model-chat-observation-1.0.0-M8.jar:/Users/russellmiles/.m2/repository/org/springframework/ai/spring-ai-autoconfigure-model-embedding-observation/1.0.0-M8/spring-ai-autoconfigure-model-embedding-observation-1.0.0-M8.jar:/Users/russellmiles/.m2/repository/org/springframework/ai/spring-ai-autoconfigure-model-image-observation/1.0.0-M8/spring-ai-autoconfigure-model-image-observation-1.0.0-M8.jar:/Users/russellmiles/.m2/repository/com/fasterxml/jackson/module/jackson-module-kotlin/2.19.0/jackson-module-kotlin-2.19.0.jar:/Users/russellmiles/.m2/repository/com/fasterxml/jackson/core/jackson-annotations/2.19.0/jackson-annotations-2.19.0.jar:/Users/russellmiles/.m2/repository/info/schnatterer/moby-names-generator/moby-names-generator/20.10.1-r0/moby-names-generator-20.10.1-r0.jar:/Users/russellmiles/.m2/repository/org/springframework/boot/spring-boot-starter-actuator/3.5.0/spring-boot-starter-actuator-3.5.0.jar:/Users/russellmiles/.m2/repository/org/springframework/boot/spring-boot-actuator-autoconfigure/3.5.0/spring-boot-actuator-autoconfigure-3.5.0.jar:/Users/russellmiles/.m2/repository/org/springframework/boot/spring-boot-actuator/3.5.0/spring-boot-actuator-3.5.0.jar:/Users/russellmiles/.m2/repository/io/micrometer/micrometer-observation/1.15.0/micrometer-observation-1.15.0.jar:/Users/russellmiles/.m2/repository/io/micrometer/micrometer-commons/1.15.0/micrometer-commons-1.15.0.jar:/Users/russellmiles/.m2/repository/io/micrometer/micrometer-jakarta9/1.15.0/micrometer-jakarta9-1.15.0.jar:/Users/russellmiles/.m2/repository/io/micrometer/micrometer-core/1.15.0/micrometer-core-1.15.0.jar:/Users/russellmiles/.m2/repository/org/hdrhistogram/HdrHistogram/2.2.2/HdrHistogram-2.2.2.jar:/Users/russellmiles/.m2/repository/org/latencyutils/LatencyUtils/2.0.3/LatencyUtils-2.0.3.jar:/Users/russellmiles/.m2/repository/io/micrometer/micrometer-tracing-bridge-brave/1.5.0/micrometer-tracing-bridge-brave-1.5.0.jar:/Users/russellmiles/.m2/repository/io/micrometer/micrometer-tracing/1.5.0/micrometer-tracing-1.5.0.jar:/Users/russellmiles/.m2/repository/io/micrometer/context-propagation/1.1.3/context-propagation-1.1.3.jar:/Users/russellmiles/.m2/repository/aopalliance/aopalliance/1.0/aopalliance-1.0.jar:/Users/russellmiles/.m2/repository/io/zipkin/brave/brave/6.1.0/brave-6.1.0.jar:/Users/russellmiles/.m2/repository/io/zipkin/brave/brave-context-slf4j/6.1.0/brave-context-slf4j-6.1.0.jar:/Users/russellmiles/.m2/repository/io/zipkin/brave/brave-instrumentation-http/6.1.0/brave-instrumentation-http-6.1.0.jar:/Users/russellmiles/.m2/repository/io/zipkin/aws/brave-propagation-aws/1.3.0/brave-propagation-aws-1.3.0.jar:/Users/russellmiles/.m2/repository/io/zipkin/contrib/brave-propagation-w3c/brave-propagation-tracecontext/0.2.0/brave-propagation-tracecontext-0.2.0.jar:/Users/russellmiles/.m2/repository/io/zipkin/reporter2/zipkin-reporter-brave/3.5.0/zipkin-reporter-brave-3.5.0.jar:/Users/russellmiles/.m2/repository/io/zipkin/reporter2/zipkin-reporter/3.5.0/zipkin-reporter-3.5.0.jar:"/>
    <property name="sun.cpu.endian" value="little"/>
    <property name="user.home" value="/Users/russellmiles"/>
    <property name="user.language" value="en"/>
    <property name="java.specification.vendor" value="Oracle Corporation"/>
    <property name="reactor.schedulers.defaultBoundedElasticOnVirtualThreads" value="true"/>
    <property name="java.version.date" value="2024-04-16"/>
    <property name="java.home" value="/Users/russellmiles/.sdkman/candidates/java/21.0.3-tem"/>
    <property name="file.separator" value="/"/>
    <property name="basedir" value="/Users/russellmiles/code/russmiles/embabel-kotlin-agent-quickstart"/>
    <property name="java.vm.compressedOopsMode" value="Zero based"/>
    <property name="line.separator" value="&#10;"/>
    <property name="java.vm.specification.vendor" value="Oracle Corporation"/>
    <property name="java.specification.name" value="Java Platform API Specification"/>
    <property name="FILE_LOG_CHARSET" value="UTF-8"/>
    <property name="java.awt.headless" value="true"/>
    <property name="apple.awt.application.name" value="ForkedBooter"/>
    <property name="surefire.real.class.path" value="/Users/russellmiles/code/russmiles/embabel-kotlin-agent-quickstart/target/surefire/surefirebooter-20250602153307408_3.jar"/>
    <property name="sun.management.compiler" value="HotSpot 64-Bit Tiered Compilers"/>
    <property name="ftp.nonProxyHosts" value="local|*.local|169.254/16|*.169.254/16"/>
    <property name="java.runtime.version" value="21.0.3+9-LTS"/>
    <property name="user.name" value="russellmiles"/>
    <property name="stdout.encoding" value="UTF-8"/>
    <property name="path.separator" value=":"/>
    <property name="os.version" value="15.5"/>
    <property name="java.runtime.name" value="OpenJDK Runtime Environment"/>
    <property name="file.encoding" value="UTF-8"/>
    <property name="java.vm.name" value="OpenJDK 64-Bit Server VM"/>
    <property name="java.vendor.version" value="Temurin-21.0.3+9"/>
    <property name="localRepository" value="/Users/russellmiles/.m2/repository"/>
    <property name="java.vendor.url.bug" value="https://github.com/adoptium/adoptium-support/issues"/>
    <property name="java.io.tmpdir" value="/var/folders/p5/_0ctnsvn3n59cfxj5ht3tfvc0000gn/T/"/>
    <property name="java.version" value="21.0.3"/>
    <property name="user.dir" value="/Users/russellmiles/code/russmiles/embabel-kotlin-agent-quickstart"/>
    <property name="os.arch" value="aarch64"/>
    <property name="java.vm.specification.name" value="Java Virtual Machine Specification"/>
    <property name="PID" value="18836"/>
    <property name="CONSOLE_LOG_CHARSET" value="UTF-8"/>
    <property name="native.encoding" value="UTF-8"/>
    <property name="java.library.path" value="/Users/russellmiles/Library/Java/Extensions:/Library/Java/Extensions:/Network/Library/Java/Extensions:/System/Library/Java/Extensions:/usr/lib/java:."/>
    <property name="java.vm.info" value="mixed mode"/>
    <property name="stderr.encoding" value="UTF-8"/>
    <property name="java.vendor" value="Eclipse Adoptium"/>
    <property name="java.vm.version" value="21.0.3+9-LTS"/>
    <property name="sun.io.unicode.encoding" value="UnicodeBig"/>
    <property name="socksNonProxyHosts" value="local|*.local|169.254/16|*.169.254/16"/>
    <property name="java.class.version" value="65.0"/>
    <property name="CONSOLE_LOG_PATTERN" value="%clr(%d{HH:mm:ss.SSS}){faint} %clr(%-5level) %clr(%logger{0}){cyan} %clr(-){faint} %msg%n"/>
    <property name="LOGGED_APPLICATION_NAME" value="[agent] "/>
  </properties>
  <testcase name="contextLoads" classname="com.russmiles.EmbabelAgentApplicationTests" time="0.382">
    <system-out><![CDATA[15:33:07.837 [main] INFO org.springframework.test.context.support.AnnotationConfigContextLoaderUtils -- Could not detect default configuration classes for test class [com.russmiles.EmbabelAgentApplicationTests]: EmbabelAgentApplicationTests does not declare any static, non-private, non-final, nested classes annotated with @Configuration.
15:33:07.886 [main] INFO org.springframework.boot.test.context.SpringBootTestContextBootstrapper -- Found @SpringBootConfiguration com.russmiles.EmbabelAgentApplication for test class com.russmiles.EmbabelAgentApplicationTests
   ___  ___    _______ .___  ___. .______        ___      .______    _______  __         ___  ___
  /  / /  /   |   ____||   \/   | |   _  \      /   \     |   _  \  |   ____||  |        \  \ \  \
 /  / /  /    |  |__   |  \  /  | |  |_)  |    /  ^  \    |  |_)  | |  |__   |  |         \  \ \  \
<  < <  <     |   __|  |  |\/|  | |   _  <    /  /_\  \   |   _  <  |   __|  |  |          >  > >  >
 \  \ \  \    |  |____ |  |  |  | |  |_)  |  /  _____  \  |  |_)  | |  |____ |  `----.    /  / /  /
  \__\ \__\   |_______||__|  |__| |______/  /__/     \__\ |______/  |_______||_______|   /__/ /__/

Powered by Spring Boot 3.5.0
&amp#27;[2m15:33:08.107&amp#27;[0;39m &amp#27;[32mINFO &amp#27;[0;39m &amp#27;[36mEmbabelAgentApplicationTests&amp#27;[0;39m &amp#27;[2m-&amp#27;[0;39m Starting EmbabelAgentApplicationTests using Java 21.0.3 with PID 18836 (started by russellmiles in /Users/russellmiles/code/russmiles/embabel-kotlin-agent-quickstart)
&amp#27;[2m15:33:08.108&amp#27;[0;39m &amp#27;[32mINFO &amp#27;[0;39m &amp#27;[36mEmbabelAgentApplicationTests&amp#27;[0;39m &amp#27;[2m-&amp#27;[0;39m No active profile set, falling back to 1 default profile: "default"
&amp#27;[2m15:33:09.544&amp#27;[0;39m &amp#27;[32mINFO &amp#27;[0;39m &amp#27;[36mDriverFactory&amp#27;[0;39m &amp#27;[2m-&amp#27;[0;39m Direct driver instance 807542010 created for server address localhost:7687
&amp#27;[2m15:33:09.826&amp#27;[0;39m &amp#27;[33mWARN &amp#27;[0;39m &amp#27;[36mjline&amp#27;[0;39m &amp#27;[2m-&amp#27;[0;39m Unable to create a system terminal, creating a dumb terminal (enable debug logging for more information)
&amp#27;[2m15:33:09.910&amp#27;[0;39m &amp#27;[32mINFO &amp#27;[0;39m &amp#27;[36mEndpointLinksResolver&amp#27;[0;39m &amp#27;[2m-&amp#27;[0;39m Exposing 1 endpoint beneath base path '/actuator'
&amp#27;[2m15:33:09.949&amp#27;[0;39m &amp#27;[32mINFO &amp#27;[0;39m &amp#27;[36mEmbabelAgentApplicationTests&amp#27;[0;39m &amp#27;[2m-&amp#27;[0;39m Started EmbabelAgentApplicationTests in 2.004 seconds (process running for 2.481)
]]></system-out>
    <system-err><![CDATA[Mockito is currently self-attaching to enable the inline-mock-maker. This will no longer work in future releases of the JDK. Please add Mockito as an agent to your build as described in Mockito's documentation: https://javadoc.io/doc/org.mockito/mockito-core/latest/org.mockito/org/mockito/Mockito.html#0.3
WARNING: A Java agent has been loaded dynamically (/Users/russellmiles/.m2/repository/net/bytebuddy/byte-buddy-agent/1.17.5/byte-buddy-agent-1.17.5.jar)
WARNING: If a serviceability tool is in use, please run with -XX:+EnableDynamicAgentLoading to hide this warning
WARNING: If a serviceability tool is not in use, please run with -Djdk.instrument.traceUsage for more information
WARNING: Dynamic loading of agents will be disallowed by default in a future release
]]></system-err>
  </testcase>
</testsuite>